<?xml version="1.0" encoding="UTF-8"?>
<testng-results ignored="0" total="1" passed="1" failed="0" skipped="0">
  <reporter-output>
  </reporter-output>
  <suite started-at="2021-01-13T15:39:25 EST" name="Default suite" finished-at="2021-01-13T15:39:32 EST" duration-ms="6746">
    <groups>
    </groups>
    <test started-at="2021-01-13T15:39:25 EST" name="Default test" finished-at="2021-01-13T15:39:32 EST" duration-ms="6746">
      <class name="seleniumDemo.BrowserTest">
        <test-method signature="browserTest()[pri:0, instance:seleniumDemo.BrowserTest@31f9b85e]" started-at="2021-01-13T15:39:25 EST" name="browserTest" finished-at="2021-01-13T15:39:32 EST" duration-ms="6716" status="PASS">
          <reporter-output>
          </reporter-output>
        </test-method> <!-- browserTest -->
      </class> <!-- seleniumDemo.BrowserTest -->
    </test> <!-- Default test -->
  </suite> <!-- Default suite -->
</testng-results>
